Generated at 2025-05-13 15:11:32 -0700
ArgumentError: Credentials file specified for target mode does not exist: '/Users/alexfreidah/.chef/credentials'
/Users/alexfreidah/.rvm/gems/ruby-3.3.6/gems/chef-config-18.7.6/lib/chef-config/mixin/train_transport.rb:95:in `credentials_file_path'
/Users/alexfreidah/.rvm/gems/ruby-3.3.6/gems/chef-config-18.7.6/lib/chef-config/mixin/credentials.rb:67:in `parse_credentials_file'
/Users/alexfreidah/.rvm/gems/ruby-3.3.6/gems/chef-config-18.7.6/lib/chef-config/mixin/train_transport.rb:39:in `load_credentials'
/Users/alexfreidah/.rvm/gems/ruby-3.3.6/gems/chef-config-18.7.6/lib/chef-config/mixin/train_transport.rb:113:in `build_transport'
/Users/alexfreidah/.rvm/gems/ruby-3.3.6/gems/chef-18.7.6/lib/chef/run_context.rb:666:in `transport'
/Users/alexfreidah/.rvm/gems/ruby-3.3.6/gems/chef-18.7.6/lib/chef/run_context.rb:674:in `transport_connection'
/Users/alexfreidah/.rvm/rubies/ruby-3.3.6/lib/ruby/3.3.0/forwardable.rb:240:in `transport_connection'
/Users/alexfreidah/.rvm/gems/ruby-3.3.6/gems/chef-18.7.6/lib/chef/client.rb:586:in `run_ohai'
/Users/alexfreidah/.rvm/gems/ruby-3.3.6/gems/chef-18.7.6/lib/chef/client.rb:269:in `run'
/Users/alexfreidah/.rvm/gems/ruby-3.3.6/gems/chef-18.7.6/lib/chef/application.rb:305:in `run_with_graceful_exit_option'
/Users/alexfreidah/.rvm/gems/ruby-3.3.6/gems/chef-18.7.6/lib/chef/application.rb:281:in `block in run_chef_client'
/Users/alexfreidah/.rvm/gems/ruby-3.3.6/gems/chef-18.7.6/lib/chef/local_mode.rb:42:in `with_server_connectivity'
/Users/alexfreidah/.rvm/gems/ruby-3.3.6/gems/chef-18.7.6/lib/chef/application.rb:264:in `run_chef_client'
/Users/alexfreidah/.rvm/gems/ruby-3.3.6/gems/chef-18.7.6/lib/chef/application/base.rb:354:in `run_application'
/Users/alexfreidah/.rvm/gems/ruby-3.3.6/gems/chef-18.7.6/lib/chef/application.rb:67:in `run'
/Users/alexfreidah/.rvm/gems/ruby-3.3.6/gems/chef-18.7.6/lib/chef/application/solo.rb:60:in `run'
/Users/alexfreidah/.rvm/gems/ruby-3.3.6/gems/chef-bin-18.7.6/bin/chef-solo:24:in `<top (required)>'
/Users/alexfreidah/.rvm/gems/ruby-3.3.6/bin/chef-solo:25:in `load'
/Users/alexfreidah/.rvm/gems/ruby-3.3.6/bin/chef-solo:25:in `<main>'
/Users/alexfreidah/.rvm/gems/ruby-3.3.6/bin/ruby_executable_hooks:22:in `eval'
/Users/alexfreidah/.rvm/gems/ruby-3.3.6/bin/ruby_executable_hooks:22:in `<main>'